0 info it worked if it ends with ok
1 verbose cli [ 'C:\\Program Files\\node.exe',
1 verbose cli   'C:\\Program Files\\node_modules\\npm\\bin\\npm-cli.js',
1 verbose cli   'start' ]
2 info using npm@3.10.10
3 info using node@v6.11.5
4 verbose run-script [ 'prestart', 'start', 'poststart' ]
5 info lifecycle intro-react@1.0.0~prestart: intro-react@1.0.0
6 silly lifecycle intro-react@1.0.0~prestart: no script for prestart, continuing
7 info lifecycle intro-react@1.0.0~start: intro-react@1.0.0
8 verbose lifecycle intro-react@1.0.0~start: unsafe-perm in lifecycle true
9 verbose lifecycle intro-react@1.0.0~start: PATH: C:\Program Files\node_modules\npm\bin\node-gyp-bin;C:\Users\LUAN\Desktop\boilerplate-react\node_modules\.bin;C:\Windows\system32;C:\Windows;C:\Windows\System32\Wbem;C:\Windows\System32\WindowsPowerShell\v1.0\;D:\Python34;C:\Users\LUAN\AppData\Local\Programs\Python\Python36-32;C:\Users\LUAN\AppData\Local\Programs\Python\Python36-32\Scripts;C:\Program Files\Git\cmd;C:\Program Files\dotnet\;C:\Program Files\MongoDB\Server\3.4\bin;C:\HashiCorp\Vagrant\bin;C:\Program Files\Microsoft SQL Server\Client SDK\ODBC\110\Tools\Binn\;C:\Program Files (x86)\Microsoft SQL Server\120\Tools\Binn\;C:\Program Files\Microsoft SQL Server\120\Tools\Binn\;C:\Program Files\Microsoft SQL Server\120\DTS\Binn\;C:\Program Files\Microsoft SQL Server\130\Tools\Binn\;C:\Program Files\;C:\Users\LUAN\AppData\Local\Programs\Python\Python36-32\Scripts\;C:\Users\LUAN\AppData\Local\Programs\Python\Python36-32\;C:\Program Files\Heroku\bin;C:\Program Files\MongoDB\Server\3.4\bin;C:\Users\LUAN\AppData\Local\Android\sdk\platform-tools;C:\Users\LUAN\AppData\Local\atom\bin;C:\Program Files (x86)\Microsoft Visual Studio 14.0\VC\bin;C:\Program Files\Git\usr\bin;C:\Users\LUAN\AppData\Local\Programs\Python\Python36-32\Scripts;c:\users\luan\appdata\local\programs\python\python36-32\python.exe;D:\Itens do novo hd\mysql-5.7.18-winx64\bin;C:\Program Files (x86)\Microsoft VS Code\bin;C:\gnu;C:\Nova pasta\cmder;C:\Program Files\Java\jdk1.8.0_131\bin;C:\Users\LUAN\Documents\apache-maven-3.5.0\bin;C:\Users\LUAN\Documents\hashcat-3.6.0;C:\Users\LUAN\AppData\Roaming\npm;C:\Program Files\node_modules\npm\bin
10 verbose lifecycle intro-react@1.0.0~start: CWD: C:\Users\LUAN\Desktop\boilerplate-react
11 silly lifecycle intro-react@1.0.0~start: Args: [ '/d /s /c', 'webpack-dev-server' ]
12 silly lifecycle intro-react@1.0.0~start: Returned: code: 1  signal: null
13 info lifecycle intro-react@1.0.0~start: Failed to exec start script
14 verbose stack Error: intro-react@1.0.0 start: `webpack-dev-server`
14 verbose stack Exit status 1
14 verbose stack     at EventEmitter.<anonymous> (C:\Program Files\node_modules\npm\lib\utils\lifecycle.js:255:16)
14 verbose stack     at emitTwo (events.js:106:13)
14 verbose stack     at EventEmitter.emit (events.js:191:7)
14 verbose stack     at ChildProcess.<anonymous> (C:\Program Files\node_modules\npm\lib\utils\spawn.js:40:14)
14 verbose stack     at emitTwo (events.js:106:13)
14 verbose stack     at ChildProcess.emit (events.js:191:7)
14 verbose stack     at maybeClose (internal/child_process.js:920:16)
14 verbose stack     at Process.ChildProcess._handle.onexit (internal/child_process.js:230:5)
15 verbose pkgid intro-react@1.0.0
16 verbose cwd C:\Users\LUAN\Desktop\boilerplate-react
17 error Windows_NT 6.1.7601
18 error argv "C:\\Program Files\\node.exe" "C:\\Program Files\\node_modules\\npm\\bin\\npm-cli.js" "start"
19 error node v6.11.5
20 error npm  v3.10.10
21 error code ELIFECYCLE
22 error intro-react@1.0.0 start: `webpack-dev-server`
22 error Exit status 1
23 error Failed at the intro-react@1.0.0 start script 'webpack-dev-server'.
23 error Make sure you have the latest version of node.js and npm installed.
23 error If you do, this is most likely a problem with the intro-react package,
23 error not with npm itself.
23 error Tell the author that this fails on your system:
23 error     webpack-dev-server
23 error You can get information on how to open an issue for this project with:
23 error     npm bugs intro-react
23 error Or if that isn't available, you can get their info via:
23 error     npm owner ls intro-react
23 error There is likely additional logging output above.
24 verbose exit [ 1, true ]
